c:\github\jimfawcett\cpputilities\datetime\x64\debug\vc142.pdb
c:\github\jimfawcett\cpputilities\datetime\x64\debug\vc142.idb
c:\github\jimfawcett\cpputilities\datetime\x64\debug\datetime.obj
c:\github\jimfawcett\cpputilities\x64\debug\datetime.lib
c:\github\jimfawcett\cpputilities\x64\debug\datetime.exp
c:\github\jimfawcett\cpputilities\x64\debug\datetime.exe
c:\github\jimfawcett\cpputilities\x64\debug\datetime.ilk
c:\github\jimfawcett\cpputilities\x64\debug\datetime.pdb
c:\github\jimfawcett\cpputilities\datetime\x64\debug\datetime.idb
c:\github\jimfawcett\cpputilities\datetime\x64\debug\datetime.pdb
c:\github\jimfawcett\cpputilities\datetime\x64\debug\datetime.tlog\cl.command.1.tlog
c:\github\jimfawcett\cpputilities\datetime\x64\debug\datetime.tlog\cl.read.1.tlog
c:\github\jimfawcett\cpputilities\datetime\x64\debug\datetime.tlog\cl.write.1.tlog
c:\github\jimfawcett\cpputilities\datetime\x64\debug\datetime.tlog\datetime.write.1u.tlog
c:\github\jimfawcett\cpputilities\datetime\x64\debug\datetime.tlog\lib-link.read.1.tlog
c:\github\jimfawcett\cpputilities\datetime\x64\debug\datetime.tlog\lib-link.write.1.tlog
c:\github\jimfawcett\cpputilities\datetime\x64\debug\datetime.tlog\lib.command.1.tlog
c:\github\jimfawcett\cpputilities\datetime\x64\debug\datetime.tlog\link.28348.delete.1.tlog
c:\github\jimfawcett\cpputilities\datetime\x64\debug\datetime.tlog\link.45324.delete.1.tlog
c:\github\jimfawcett\cpputilities\datetime\x64\debug\datetime.tlog\link.48760.delete.1.tlog
c:\github\jimfawcett\cpputilities\datetime\x64\debug\datetime.tlog\link.command.1.tlog
c:\github\jimfawcett\cpputilities\datetime\x64\debug\datetime.tlog\link.delete.1.tlog
c:\github\jimfawcett\cpputilities\datetime\x64\debug\datetime.tlog\link.read.1.tlog
c:\github\jimfawcett\cpputilities\datetime\x64\debug\datetime.tlog\link.write.1.tlog
